<?xml version="1.0" encoding="UTF-8"?>
<!-- Generated by org.testng.reporters.JUnitXMLReporter -->
<testsuite ignored="0" hostname="K584LTRV" failures="2" tests="2" name="Test5" time="13.309" errors="0" timestamp="2024-05-07T18:18:40 IST">
  <testcase classname="com.ust.FreshToHome.tests.AccountDashBoardTest" name="valiidatingWhetherinAccountDashBoard" time="0.022">
    <failure type="java.lang.NullPointerException" message="Cannot invoke &amp;quot;com.ust.FreshToHome.pom.AccountLoginPom.passDriverToNextTest()&amp;quot; because &amp;quot;com.ust.FreshToHome.tests.AccountDashBoardTest.ap&amp;quot; is null">
      <![CDATA[java.lang.NullPointerException: Cannot invoke "com.ust.FreshToHome.pom.AccountLoginPom.passDriverToNextTest()" because "com.ust.FreshToHome.tests.AccountDashBoardTest.ap" is null
at com.ust.FreshToHome.tests.AccountDashBoardTest.valiidatingWhetherinAccountDashBoard(AccountDashBoardTest.java:19)
at java.base/java.util.ArrayList.forEach(ArrayList.java:1511)
at java.base/java.util.concurrent.FutureTask.run(FutureTask.java:264)
at java.base/java.util.concurrent.ThreadPoolExecutor.runWorker(ThreadPoolExecutor.java:1136)
at java.base/java.util.concurrent.ThreadPoolExecutor$Worker.run(ThreadPoolExecutor.java:635)
at java.base/java.lang.Thread.run(Thread.java:840)
... Removed 17 stack frames]]>
    </failure>
  </testcase> <!-- valiidatingWhetherinAccountDashBoard -->
  <testcase classname="com.ust.FreshToHome.tests.AccountDashBoardTest" name="validateUserName" time="0.007">
    <failure type="java.lang.NullPointerException" message="Cannot invoke &amp;quot;com.ust.FreshToHome.pom.AccountDashboardPom.validateUserName(String)&amp;quot; because &amp;quot;com.ust.FreshToHome.tests.AccountDashBoardTest.adp&amp;quot; is null">
      <![CDATA[java.lang.NullPointerException: Cannot invoke "com.ust.FreshToHome.pom.AccountDashboardPom.validateUserName(String)" because "com.ust.FreshToHome.tests.AccountDashBoardTest.adp" is null
at com.ust.FreshToHome.tests.AccountDashBoardTest.validateUserName(AccountDashBoardTest.java:32)
at java.base/java.util.ArrayList.forEach(ArrayList.java:1511)
at java.base/java.util.concurrent.FutureTask.run(FutureTask.java:264)
at java.base/java.util.concurrent.ThreadPoolExecutor.runWorker(ThreadPoolExecutor.java:1136)
at java.base/java.util.concurrent.ThreadPoolExecutor$Worker.run(ThreadPoolExecutor.java:635)
at java.base/java.lang.Thread.run(Thread.java:840)
... Removed 17 stack frames]]>
    </failure>
  </testcase> <!-- validateUserName -->
</testsuite> <!-- Test5 -->
