<?xml version="1.0" encoding="UTF-8"?>
<!-- Generated by org.testng.reporters.JUnitXMLReporter -->
<testsuite ignored="0" hostname="K584LTRV" failures="7" tests="9" name="Test4" time="15.919" errors="0" timestamp="2024-05-07T18:18:43 IST">
  <testcase classname="com.ust.FreshToHome.tests.AccountLoginTest" name="validateCurrentUrl" time="0.007">
    <failure type="java.lang.NullPointerException" message="Cannot invoke &amp;quot;com.ust.FreshToHome.pom.LinksPage.passDriverToNextTest()&amp;quot; because &amp;quot;com.ust.FreshToHome.tests.AccountLoginTest.lp&amp;quot; is null">
      <![CDATA[java.lang.NullPointerException: Cannot invoke "com.ust.FreshToHome.pom.LinksPage.passDriverToNextTest()" because "com.ust.FreshToHome.tests.AccountLoginTest.lp" is null
at com.ust.FreshToHome.tests.AccountLoginTest.validateCurrentUrl(AccountLoginTest.java:23)
at java.base/java.util.ArrayList.forEach(ArrayList.java:1511)
at java.base/java.util.concurrent.FutureTask.run(FutureTask.java:264)
at java.base/java.util.concurrent.ThreadPoolExecutor.runWorker(ThreadPoolExecutor.java:1136)
at java.base/java.util.concurrent.ThreadPoolExecutor$Worker.run(ThreadPoolExecutor.java:635)
at java.base/java.lang.Thread.run(Thread.java:840)
... Removed 17 stack frames]]>
    </failure>
  </testcase> <!-- validateCurrentUrl -->
  <testcase classname="com.ust.FreshToHome.tests.AccountLoginTest" name="loginWithRegisteredMobileNumberTest" time="0.002">
    <failure type="java.lang.NullPointerException" message="Cannot invoke &amp;quot;com.ust.FreshToHome.pom.AccountLoginPom.loginWithRegisteredMobileNumber(String)&amp;quot; because &amp;quot;com.ust.FreshToHome.tests.AccountLoginTest.ap&amp;quot; is null">
      <![CDATA[java.lang.NullPointerException: Cannot invoke "com.ust.FreshToHome.pom.AccountLoginPom.loginWithRegisteredMobileNumber(String)" because "com.ust.FreshToHome.tests.AccountLoginTest.ap" is null
at com.ust.FreshToHome.tests.AccountLoginTest.loginWithRegisteredMobileNumberTest(AccountLoginTest.java:40)
at java.base/java.util.ArrayList.forEach(ArrayList.java:1511)
at java.base/java.util.concurrent.FutureTask.run(FutureTask.java:264)
at java.base/java.util.concurrent.ThreadPoolExecutor.runWorker(ThreadPoolExecutor.java:1136)
at java.base/java.util.concurrent.ThreadPoolExecutor$Worker.run(ThreadPoolExecutor.java:635)
at java.base/java.lang.Thread.run(Thread.java:840)
... Removed 17 stack frames]]>
    </failure>
  </testcase> <!-- loginWithRegisteredMobileNumberTest -->
  <testcase classname="com.ust.FreshToHome.tests.AccountLoginTest" name="enteringWrongtOtp" time="0.0">
    <skipped/>
  </testcase> <!-- enteringWrongtOtp -->
  <testcase classname="com.ust.FreshToHome.tests.AccountLoginTest" name="enteringCorrectOtpTest" time="0.001">
    <skipped/>
  </testcase> <!-- enteringCorrectOtpTest -->
  <testcase classname="com.ust.FreshToHome.tests.AccountLoginTest" name="inputDataForRegistration" time="0.002">
    <failure type="java.lang.NullPointerException" message="Cannot invoke &amp;quot;com.ust.FreshToHome.pom.AccountLoginPom.datasForLogin(String, String)&amp;quot; because &amp;quot;com.ust.FreshToHome.tests.AccountLoginTest.ap&amp;quot; is null">
      <![CDATA[java.lang.NullPointerException: Cannot invoke "com.ust.FreshToHome.pom.AccountLoginPom.datasForLogin(String, String)" because "com.ust.FreshToHome.tests.AccountLoginTest.ap" is null
at com.ust.FreshToHome.tests.AccountLoginTest.inputDataForRegistration(AccountLoginTest.java:71)
at java.base/java.util.ArrayList.forEach(ArrayList.java:1511)
at java.base/java.util.concurrent.FutureTask.run(FutureTask.java:264)
at java.base/java.util.concurrent.ThreadPoolExecutor.runWorker(ThreadPoolExecutor.java:1136)
at java.base/java.util.concurrent.ThreadPoolExecutor$Worker.run(ThreadPoolExecutor.java:635)
at java.base/java.lang.Thread.run(Thread.java:840)
... Removed 17 stack frames]]>
    </failure>
  </testcase> <!-- inputDataForRegistration -->
  <testcase classname="com.ust.FreshToHome.tests.AccountLoginTest" name="inputDataForRegistration" time="0.003">
    <failure type="java.lang.NullPointerException" message="Cannot invoke &amp;quot;com.ust.FreshToHome.pom.AccountLoginPom.datasForLogin(String, String)&amp;quot; because &amp;quot;com.ust.FreshToHome.tests.AccountLoginTest.ap&amp;quot; is null">
      <![CDATA[java.lang.NullPointerException: Cannot invoke "com.ust.FreshToHome.pom.AccountLoginPom.datasForLogin(String, String)" because "com.ust.FreshToHome.tests.AccountLoginTest.ap" is null
at com.ust.FreshToHome.tests.AccountLoginTest.inputDataForRegistration(AccountLoginTest.java:71)
at java.base/java.util.ArrayList.forEach(ArrayList.java:1511)
at java.base/java.util.concurrent.FutureTask.run(FutureTask.java:264)
at java.base/java.util.concurrent.ThreadPoolExecutor.runWorker(ThreadPoolExecutor.java:1136)
at java.base/java.util.concurrent.ThreadPoolExecutor$Worker.run(ThreadPoolExecutor.java:635)
at java.base/java.lang.Thread.run(Thread.java:840)
... Removed 17 stack frames]]>
    </failure>
  </testcase> <!-- inputDataForRegistration -->
  <testcase classname="com.ust.FreshToHome.tests.AccountLoginTest" name="inputDataForRegistration" time="0.003">
    <failure type="java.lang.NullPointerException" message="Cannot invoke &amp;quot;com.ust.FreshToHome.pom.AccountLoginPom.datasForLogin(String, String)&amp;quot; because &amp;quot;com.ust.FreshToHome.tests.AccountLoginTest.ap&amp;quot; is null">
      <![CDATA[java.lang.NullPointerException: Cannot invoke "com.ust.FreshToHome.pom.AccountLoginPom.datasForLogin(String, String)" because "com.ust.FreshToHome.tests.AccountLoginTest.ap" is null
at com.ust.FreshToHome.tests.AccountLoginTest.inputDataForRegistration(AccountLoginTest.java:71)
at java.base/java.util.ArrayList.forEach(ArrayList.java:1511)
at java.base/java.util.concurrent.FutureTask.run(FutureTask.java:264)
at java.base/java.util.concurrent.ThreadPoolExecutor.runWorker(ThreadPoolExecutor.java:1136)
at java.base/java.util.concurrent.ThreadPoolExecutor$Worker.run(ThreadPoolExecutor.java:635)
at java.base/java.lang.Thread.run(Thread.java:840)
... Removed 17 stack frames]]>
    </failure>
  </testcase> <!-- inputDataForRegistration -->
  <testcase classname="com.ust.FreshToHome.tests.AccountLoginTest" name="inputDataForRegistration" time="0.001">
    <failure type="java.lang.NullPointerException" message="Cannot invoke &amp;quot;com.ust.FreshToHome.pom.AccountLoginPom.datasForLogin(String, String)&amp;quot; because &amp;quot;com.ust.FreshToHome.tests.AccountLoginTest.ap&amp;quot; is null">
      <![CDATA[java.lang.NullPointerException: Cannot invoke "com.ust.FreshToHome.pom.AccountLoginPom.datasForLogin(String, String)" because "com.ust.FreshToHome.tests.AccountLoginTest.ap" is null
at com.ust.FreshToHome.tests.AccountLoginTest.inputDataForRegistration(AccountLoginTest.java:71)
at java.base/java.util.ArrayList.forEach(ArrayList.java:1511)
at java.base/java.util.concurrent.FutureTask.run(FutureTask.java:264)
at java.base/java.util.concurrent.ThreadPoolExecutor.runWorker(ThreadPoolExecutor.java:1136)
at java.base/java.util.concurrent.ThreadPoolExecutor$Worker.run(ThreadPoolExecutor.java:635)
at java.base/java.lang.Thread.run(Thread.java:840)
... Removed 17 stack frames]]>
    </failure>
  </testcase> <!-- inputDataForRegistration -->
  <testcase classname="com.ust.FreshToHome.tests.AccountLoginTest" name="navigateToOtpLogin" time="0.001">
    <failure type="java.lang.NullPointerException" message="Cannot invoke &amp;quot;com.ust.FreshToHome.pom.AccountLoginPom.otpLogin()&amp;quot; because &amp;quot;com.ust.FreshToHome.tests.AccountLoginTest.ap&amp;quot; is null">
      <![CDATA[java.lang.NullPointerException: Cannot invoke "com.ust.FreshToHome.pom.AccountLoginPom.otpLogin()" because "com.ust.FreshToHome.tests.AccountLoginTest.ap" is null
at com.ust.FreshToHome.tests.AccountLoginTest.navigateToOtpLogin(AccountLoginTest.java:77)
at java.base/java.util.ArrayList.forEach(ArrayList.java:1511)
at java.base/java.util.concurrent.FutureTask.run(FutureTask.java:264)
at java.base/java.util.concurrent.ThreadPoolExecutor.runWorker(ThreadPoolExecutor.java:1136)
at java.base/java.util.concurrent.ThreadPoolExecutor$Worker.run(ThreadPoolExecutor.java:635)
at java.base/java.lang.Thread.run(Thread.java:840)
... Removed 17 stack frames]]>
    </failure>
  </testcase> <!-- navigateToOtpLogin -->
</testsuite> <!-- Test4 -->
