<?xml version="1.0" encoding="UTF-8"?>
<!-- Generated by org.testng.reporters.JUnitXMLReporter -->
<testsuite ignored="0" hostname="K584LTRV" failures="2" tests="2" name="Test3" time="11.109" errors="0" timestamp="2024-05-07T18:18:38 IST">
  <testcase classname="com.ust.FreshToHome.tests.LinkTest" name="productsLinkClickTest" time="0.005">
    <failure type="java.lang.NullPointerException" message="Cannot invoke &amp;quot;com.ust.FreshToHome.pom.searchBoxPom.passDriverToNextTest()&amp;quot; because &amp;quot;com.ust.FreshToHome.tests.LinkTest.sp&amp;quot; is null">
      <![CDATA[java.lang.NullPointerException: Cannot invoke "com.ust.FreshToHome.pom.searchBoxPom.passDriverToNextTest()" because "com.ust.FreshToHome.tests.LinkTest.sp" is null
at com.ust.FreshToHome.tests.LinkTest.productsLinkClickTest(LinkTest.java:18)
at java.base/java.util.ArrayList.forEach(ArrayList.java:1511)
at java.base/java.util.concurrent.FutureTask.run(FutureTask.java:264)
at java.base/java.util.concurrent.ThreadPoolExecutor.runWorker(ThreadPoolExecutor.java:1136)
at java.base/java.util.concurrent.ThreadPoolExecutor$Worker.run(ThreadPoolExecutor.java:635)
at java.base/java.lang.Thread.run(Thread.java:840)
... Removed 17 stack frames]]>
    </failure>
  </testcase> <!-- productsLinkClickTest -->
  <testcase classname="com.ust.FreshToHome.tests.LinkTest" name="placesLinkClickTest" time="0.002">
    <failure type="java.lang.NullPointerException" message="Cannot invoke &amp;quot;com.ust.FreshToHome.pom.searchBoxPom.passDriverToNextTest()&amp;quot; because &amp;quot;com.ust.FreshToHome.tests.LinkTest.sp&amp;quot; is null">
      <![CDATA[java.lang.NullPointerException: Cannot invoke "com.ust.FreshToHome.pom.searchBoxPom.passDriverToNextTest()" because "com.ust.FreshToHome.tests.LinkTest.sp" is null
at com.ust.FreshToHome.tests.LinkTest.placesLinkClickTest(LinkTest.java:29)
at java.base/java.util.ArrayList.forEach(ArrayList.java:1511)
at java.base/java.util.concurrent.FutureTask.run(FutureTask.java:264)
at java.base/java.util.concurrent.ThreadPoolExecutor.runWorker(ThreadPoolExecutor.java:1136)
at java.base/java.util.concurrent.ThreadPoolExecutor$Worker.run(ThreadPoolExecutor.java:635)
at java.base/java.lang.Thread.run(Thread.java:840)
... Removed 17 stack frames]]>
    </failure>
  </testcase> <!-- placesLinkClickTest -->
</testsuite> <!-- Test3 -->
