<?xml version="1.0" encoding="UTF-8"?>
<!-- Generated by org.testng.reporters.JUnitXMLReporter -->
<testsuite ignored="8" hostname="K584LTRV" failures="17" tests="21" name="Test" time="18.102" errors="0" timestamp="2024-05-07T18:14:21 IST">
  <testcase classname="com.ust.FreshToHome.tests.SearchBoxTest" name="inputuserEntryTest" time="0.016">
    <failure type="java.lang.NullPointerException" message="Cannot invoke &amp;quot;com.ust.FreshToHome.pom.PincodeInput.isDropDownDisplayed()&amp;quot; because &amp;quot;com.ust.FreshToHome.tests.SearchBoxTest.input&amp;quot; is null">
      <![CDATA[java.lang.NullPointerException: Cannot invoke "com.ust.FreshToHome.pom.PincodeInput.isDropDownDisplayed()" because "com.ust.FreshToHome.tests.SearchBoxTest.input" is null
at com.ust.FreshToHome.tests.SearchBoxTest.inputuserEntryTest(SearchBoxTest.java:43)
at java.base/java.util.concurrent.Executors$RunnableAdapter.call(Executors.java:539)
at java.base/java.util.concurrent.FutureTask.run(FutureTask.java:264)
at java.base/java.util.concurrent.ThreadPoolExecutor.runWorker(ThreadPoolExecutor.java:1136)
at java.base/java.util.concurrent.ThreadPoolExecutor$Worker.run(ThreadPoolExecutor.java:635)
at java.base/java.lang.Thread.run(Thread.java:840)
... Removed 13 stack frames]]>
    </failure>
  </testcase> <!-- inputuserEntryTest -->
  <testcase classname="com.ust.FreshToHome.tests.LinkTest" name="productsLinkClickTest" time="0.023">
    <failure type="java.lang.NullPointerException" message="Cannot invoke &amp;quot;com.ust.FreshToHome.pom.searchBoxPom.passDriverToNextTest()&amp;quot; because &amp;quot;com.ust.FreshToHome.tests.LinkTest.sp&amp;quot; is null">
      <![CDATA[java.lang.NullPointerException: Cannot invoke "com.ust.FreshToHome.pom.searchBoxPom.passDriverToNextTest()" because "com.ust.FreshToHome.tests.LinkTest.sp" is null
at com.ust.FreshToHome.tests.LinkTest.productsLinkClickTest(LinkTest.java:18)
at java.base/java.util.concurrent.Executors$RunnableAdapter.call(Executors.java:539)
at java.base/java.util.concurrent.FutureTask.run(FutureTask.java:264)
at java.base/java.util.concurrent.ThreadPoolExecutor.runWorker(ThreadPoolExecutor.java:1136)
at java.base/java.util.concurrent.ThreadPoolExecutor$Worker.run(ThreadPoolExecutor.java:635)
at java.base/java.lang.Thread.run(Thread.java:840)
... Removed 13 stack frames]]>
    </failure>
  </testcase> <!-- productsLinkClickTest -->
  <testcase classname="com.ust.FreshToHome.tests.AccountLoginTest" name="validateCurrentUrl" time="0.022">
    <failure type="java.lang.NullPointerException" message="Cannot invoke &amp;quot;com.ust.FreshToHome.pom.LinksPage.passDriverToNextTest()&amp;quot; because &amp;quot;com.ust.FreshToHome.tests.AccountLoginTest.lp&amp;quot; is null">
      <![CDATA[java.lang.NullPointerException: Cannot invoke "com.ust.FreshToHome.pom.LinksPage.passDriverToNextTest()" because "com.ust.FreshToHome.tests.AccountLoginTest.lp" is null
at com.ust.FreshToHome.tests.AccountLoginTest.validateCurrentUrl(AccountLoginTest.java:23)
at java.base/java.util.concurrent.Executors$RunnableAdapter.call(Executors.java:539)
at java.base/java.util.concurrent.FutureTask.run(FutureTask.java:264)
at java.base/java.util.concurrent.ThreadPoolExecutor.runWorker(ThreadPoolExecutor.java:1136)
at java.base/java.util.concurrent.ThreadPoolExecutor$Worker.run(ThreadPoolExecutor.java:635)
at java.base/java.lang.Thread.run(Thread.java:840)
... Removed 13 stack frames]]>
    </failure>
  </testcase> <!-- validateCurrentUrl -->
  <testcase classname="com.ust.FreshToHome.tests.AccountDashBoardTest" name="valiidatingWhetherinAccountDashBoard" time="0.027">
    <failure type="java.lang.NullPointerException" message="Cannot invoke &amp;quot;com.ust.FreshToHome.pom.AccountLoginPom.passDriverToNextTest()&amp;quot; because &amp;quot;com.ust.FreshToHome.tests.AccountDashBoardTest.ap&amp;quot; is null">
      <![CDATA[java.lang.NullPointerException: Cannot invoke "com.ust.FreshToHome.pom.AccountLoginPom.passDriverToNextTest()" because "com.ust.FreshToHome.tests.AccountDashBoardTest.ap" is null
at com.ust.FreshToHome.tests.AccountDashBoardTest.valiidatingWhetherinAccountDashBoard(AccountDashBoardTest.java:19)
at java.base/java.util.concurrent.Executors$RunnableAdapter.call(Executors.java:539)
at java.base/java.util.concurrent.FutureTask.run(FutureTask.java:264)
at java.base/java.util.concurrent.ThreadPoolExecutor.runWorker(ThreadPoolExecutor.java:1136)
at java.base/java.util.concurrent.ThreadPoolExecutor$Worker.run(ThreadPoolExecutor.java:635)
at java.base/java.lang.Thread.run(Thread.java:840)
... Removed 13 stack frames]]>
    </failure>
  </testcase> <!-- valiidatingWhetherinAccountDashBoard -->
  <testcase classname="com.ust.FreshToHome.tests.SearchBoxTest" name="searchWithNullValueTest" time="0.002">
    <failure type="java.lang.NullPointerException" message="Cannot invoke &amp;quot;com.ust.FreshToHome.pom.searchBoxPom.searchWithNullValue()&amp;quot; because &amp;quot;com.ust.FreshToHome.tests.SearchBoxTest.sp&amp;quot; is null">
      <![CDATA[java.lang.NullPointerException: Cannot invoke "com.ust.FreshToHome.pom.searchBoxPom.searchWithNullValue()" because "com.ust.FreshToHome.tests.SearchBoxTest.sp" is null
at com.ust.FreshToHome.tests.SearchBoxTest.searchWithNullValueTest(SearchBoxTest.java:55)
at java.base/java.util.concurrent.Executors$RunnableAdapter.call(Executors.java:539)
at java.base/java.util.concurrent.FutureTask.run(FutureTask.java:264)
at java.base/java.util.concurrent.ThreadPoolExecutor.runWorker(ThreadPoolExecutor.java:1136)
at java.base/java.util.concurrent.ThreadPoolExecutor$Worker.run(ThreadPoolExecutor.java:635)
at java.base/java.lang.Thread.run(Thread.java:840)
... Removed 13 stack frames]]>
    </failure>
  </testcase> <!-- searchWithNullValueTest -->
  <testcase classname="com.ust.FreshToHome.tests.LinkTest" name="placesLinkClickTest" time="0.002">
    <failure type="java.lang.NullPointerException" message="Cannot invoke &amp;quot;com.ust.FreshToHome.pom.searchBoxPom.passDriverToNextTest()&amp;quot; because &amp;quot;com.ust.FreshToHome.tests.LinkTest.sp&amp;quot; is null">
      <![CDATA[java.lang.NullPointerException: Cannot invoke "com.ust.FreshToHome.pom.searchBoxPom.passDriverToNextTest()" because "com.ust.FreshToHome.tests.LinkTest.sp" is null
at com.ust.FreshToHome.tests.LinkTest.placesLinkClickTest(LinkTest.java:29)
at java.base/java.util.concurrent.Executors$RunnableAdapter.call(Executors.java:539)
at java.base/java.util.concurrent.FutureTask.run(FutureTask.java:264)
at java.base/java.util.concurrent.ThreadPoolExecutor.runWorker(ThreadPoolExecutor.java:1136)
at java.base/java.util.concurrent.ThreadPoolExecutor$Worker.run(ThreadPoolExecutor.java:635)
at java.base/java.lang.Thread.run(Thread.java:840)
... Removed 13 stack frames]]>
    </failure>
  </testcase> <!-- placesLinkClickTest -->
  <testcase classname="com.ust.FreshToHome.tests.AccountDashBoardTest" name="validateUserName" time="0.005">
    <failure type="java.lang.NullPointerException" message="Cannot invoke &amp;quot;com.ust.FreshToHome.pom.AccountDashboardPom.validateUserName(String)&amp;quot; because &amp;quot;com.ust.FreshToHome.tests.AccountDashBoardTest.adp&amp;quot; is null">
      <![CDATA[java.lang.NullPointerException: Cannot invoke "com.ust.FreshToHome.pom.AccountDashboardPom.validateUserName(String)" because "com.ust.FreshToHome.tests.AccountDashBoardTest.adp" is null
at com.ust.FreshToHome.tests.AccountDashBoardTest.validateUserName(AccountDashBoardTest.java:32)
at java.base/java.util.concurrent.Executors$RunnableAdapter.call(Executors.java:539)
at java.base/java.util.concurrent.FutureTask.run(FutureTask.java:264)
at java.base/java.util.concurrent.ThreadPoolExecutor.runWorker(ThreadPoolExecutor.java:1136)
at java.base/java.util.concurrent.ThreadPoolExecutor$Worker.run(ThreadPoolExecutor.java:635)
at java.base/java.lang.Thread.run(Thread.java:840)
... Removed 13 stack frames]]>
    </failure>
  </testcase> <!-- validateUserName -->
  <testcase classname="com.ust.FreshToHome.tests.AccountLoginTest" name="loginWithRegisteredMobileNumberTest" time="0.002">
    <failure type="java.lang.NullPointerException" message="Cannot invoke &amp;quot;com.ust.FreshToHome.pom.AccountLoginPom.loginWithRegisteredMobileNumber(String)&amp;quot; because &amp;quot;com.ust.FreshToHome.tests.AccountLoginTest.ap&amp;quot; is null">
      <![CDATA[java.lang.NullPointerException: Cannot invoke "com.ust.FreshToHome.pom.AccountLoginPom.loginWithRegisteredMobileNumber(String)" because "com.ust.FreshToHome.tests.AccountLoginTest.ap" is null
at com.ust.FreshToHome.tests.AccountLoginTest.loginWithRegisteredMobileNumberTest(AccountLoginTest.java:40)
at java.base/java.util.concurrent.Executors$RunnableAdapter.call(Executors.java:539)
at java.base/java.util.concurrent.FutureTask.run(FutureTask.java:264)
at java.base/java.util.concurrent.ThreadPoolExecutor.runWorker(ThreadPoolExecutor.java:1136)
at java.base/java.util.concurrent.ThreadPoolExecutor$Worker.run(ThreadPoolExecutor.java:635)
at java.base/java.lang.Thread.run(Thread.java:840)
... Removed 13 stack frames]]>
    </failure>
  </testcase> <!-- loginWithRegisteredMobileNumberTest -->
  <testcase classname="com.ust.FreshToHome.tests.SearchBoxTest" name="searchWithWrongValueTest" time="0.002">
    <failure type="java.lang.NullPointerException" message="Cannot invoke &amp;quot;com.ust.FreshToHome.pom.searchBoxPom.searchWithWrongValue()&amp;quot; because &amp;quot;com.ust.FreshToHome.tests.SearchBoxTest.sp&amp;quot; is null">
      <![CDATA[java.lang.NullPointerException: Cannot invoke "com.ust.FreshToHome.pom.searchBoxPom.searchWithWrongValue()" because "com.ust.FreshToHome.tests.SearchBoxTest.sp" is null
at com.ust.FreshToHome.tests.SearchBoxTest.searchWithWrongValueTest(SearchBoxTest.java:64)
at java.base/java.util.concurrent.Executors$RunnableAdapter.call(Executors.java:539)
at java.base/java.util.concurrent.FutureTask.run(FutureTask.java:264)
at java.base/java.util.concurrent.ThreadPoolExecutor.runWorker(ThreadPoolExecutor.java:1136)
at java.base/java.util.concurrent.ThreadPoolExecutor$Worker.run(ThreadPoolExecutor.java:635)
at java.base/java.lang.Thread.run(Thread.java:840)
... Removed 13 stack frames]]>
    </failure>
  </testcase> <!-- searchWithWrongValueTest -->
  <testcase classname="com.ust.FreshToHome.tests.AccountLoginTest" name="inputDataForRegistration" time="0.001">
    <failure type="java.lang.NullPointerException" message="Cannot invoke &amp;quot;com.ust.FreshToHome.pom.AccountLoginPom.datasForLogin(String, String)&amp;quot; because &amp;quot;com.ust.FreshToHome.tests.AccountLoginTest.ap&amp;quot; is null">
      <![CDATA[java.lang.NullPointerException: Cannot invoke "com.ust.FreshToHome.pom.AccountLoginPom.datasForLogin(String, String)" because "com.ust.FreshToHome.tests.AccountLoginTest.ap" is null
at com.ust.FreshToHome.tests.AccountLoginTest.inputDataForRegistration(AccountLoginTest.java:71)
at java.base/java.util.concurrent.Executors$RunnableAdapter.call(Executors.java:539)
at java.base/java.util.concurrent.FutureTask.run(FutureTask.java:264)
at java.base/java.util.concurrent.ThreadPoolExecutor.runWorker(ThreadPoolExecutor.java:1136)
at java.base/java.util.concurrent.ThreadPoolExecutor$Worker.run(ThreadPoolExecutor.java:635)
at java.base/java.lang.Thread.run(Thread.java:840)
... Removed 13 stack frames]]>
    </failure>
  </testcase> <!-- inputDataForRegistration -->
  <testcase classname="com.ust.FreshToHome.tests.SearchBoxTest" name="searchWithValueTest" time="0.002">
    <failure type="java.lang.NullPointerException" message="Cannot invoke &amp;quot;com.ust.FreshToHome.pom.searchBoxPom.searchWithValue()&amp;quot; because &amp;quot;com.ust.FreshToHome.tests.SearchBoxTest.sp&amp;quot; is null">
      <![CDATA[java.lang.NullPointerException: Cannot invoke "com.ust.FreshToHome.pom.searchBoxPom.searchWithValue()" because "com.ust.FreshToHome.tests.SearchBoxTest.sp" is null
at com.ust.FreshToHome.tests.SearchBoxTest.searchWithValueTest(SearchBoxTest.java:72)
at java.base/java.util.concurrent.Executors$RunnableAdapter.call(Executors.java:539)
at java.base/java.util.concurrent.FutureTask.run(FutureTask.java:264)
at java.base/java.util.concurrent.ThreadPoolExecutor.runWorker(ThreadPoolExecutor.java:1136)
at java.base/java.util.concurrent.ThreadPoolExecutor$Worker.run(ThreadPoolExecutor.java:635)
at java.base/java.lang.Thread.run(Thread.java:840)
... Removed 13 stack frames]]>
    </failure>
  </testcase> <!-- searchWithValueTest -->
  <testcase classname="com.ust.FreshToHome.tests.AccountLoginTest" name="inputDataForRegistration" time="0.001">
    <failure type="java.lang.NullPointerException" message="Cannot invoke &amp;quot;com.ust.FreshToHome.pom.AccountLoginPom.datasForLogin(String, String)&amp;quot; because &amp;quot;com.ust.FreshToHome.tests.AccountLoginTest.ap&amp;quot; is null">
      <![CDATA[java.lang.NullPointerException: Cannot invoke "com.ust.FreshToHome.pom.AccountLoginPom.datasForLogin(String, String)" because "com.ust.FreshToHome.tests.AccountLoginTest.ap" is null
at com.ust.FreshToHome.tests.AccountLoginTest.inputDataForRegistration(AccountLoginTest.java:71)
at java.base/java.util.concurrent.Executors$RunnableAdapter.call(Executors.java:539)
at java.base/java.util.concurrent.FutureTask.run(FutureTask.java:264)
at java.base/java.util.concurrent.ThreadPoolExecutor.runWorker(ThreadPoolExecutor.java:1136)
at java.base/java.util.concurrent.ThreadPoolExecutor$Worker.run(ThreadPoolExecutor.java:635)
at java.base/java.lang.Thread.run(Thread.java:840)
... Removed 13 stack frames]]>
    </failure>
  </testcase> <!-- inputDataForRegistration -->
  <testcase classname="com.ust.FreshToHome.tests.PincodeInputTest" name="inputPincodeTest" time="8.221"/>
  <testcase classname="com.ust.FreshToHome.tests.PincodeInputTest" name="inputPincodeTest" time="8.235">
    <failure type="java.lang.Error" message="Unresolved compilation problem: 
	The method log(Status, Media) in the type ExtentTest is not applicable for the arguments (Status, ExtentTest)
">
      <![CDATA[java.lang.Error: Unresolved compilation problem: 
The method log(Status, Media) in the type ExtentTest is not applicable for the arguments (Status, ExtentTest)

at com.ust.FreshToHome.utilities.ExtentReportsListener.onTestSuccess(ExtentReportsListener.java:45)
at java.base/java.util.concurrent.Executors$RunnableAdapter.call(Executors.java:539)
at java.base/java.util.concurrent.FutureTask.run(FutureTask.java:264)
at java.base/java.util.concurrent.ThreadPoolExecutor.runWorker(ThreadPoolExecutor.java:1136)
at java.base/java.util.concurrent.ThreadPoolExecutor$Worker.run(ThreadPoolExecutor.java:635)
at java.base/java.lang.Thread.run(Thread.java:840)
... Removed 10 stack frames]]>
    </failure>
  </testcase> <!-- inputPincodeTest -->
  <testcase classname="com.ust.FreshToHome.tests.AccountLoginTest" name="inputDataForRegistration" time="0.002">
    <failure type="java.lang.NullPointerException" message="Cannot invoke &amp;quot;com.ust.FreshToHome.pom.AccountLoginPom.datasForLogin(String, String)&amp;quot; because &amp;quot;com.ust.FreshToHome.tests.AccountLoginTest.ap&amp;quot; is null">
      <![CDATA[java.lang.NullPointerException: Cannot invoke "com.ust.FreshToHome.pom.AccountLoginPom.datasForLogin(String, String)" because "com.ust.FreshToHome.tests.AccountLoginTest.ap" is null
at com.ust.FreshToHome.tests.AccountLoginTest.inputDataForRegistration(AccountLoginTest.java:71)
at java.base/java.util.concurrent.Executors$RunnableAdapter.call(Executors.java:539)
at java.base/java.util.concurrent.FutureTask.run(FutureTask.java:264)
at java.base/java.util.concurrent.ThreadPoolExecutor.runWorker(ThreadPoolExecutor.java:1136)
at java.base/java.util.concurrent.ThreadPoolExecutor$Worker.run(ThreadPoolExecutor.java:635)
at java.base/java.lang.Thread.run(Thread.java:840)
... Removed 13 stack frames]]>
    </failure>
  </testcase> <!-- inputDataForRegistration -->
  <testcase classname="com.ust.FreshToHome.tests.AccountLoginTest" name="inputDataForRegistration" time="0.001">
    <failure type="java.lang.NullPointerException" message="Cannot invoke &amp;quot;com.ust.FreshToHome.pom.AccountLoginPom.datasForLogin(String, String)&amp;quot; because &amp;quot;com.ust.FreshToHome.tests.AccountLoginTest.ap&amp;quot; is null">
      <![CDATA[java.lang.NullPointerException: Cannot invoke "com.ust.FreshToHome.pom.AccountLoginPom.datasForLogin(String, String)" because "com.ust.FreshToHome.tests.AccountLoginTest.ap" is null
at com.ust.FreshToHome.tests.AccountLoginTest.inputDataForRegistration(AccountLoginTest.java:71)
at java.base/java.util.concurrent.Executors$RunnableAdapter.call(Executors.java:539)
at java.base/java.util.concurrent.FutureTask.run(FutureTask.java:264)
at java.base/java.util.concurrent.ThreadPoolExecutor.runWorker(ThreadPoolExecutor.java:1136)
at java.base/java.util.concurrent.ThreadPoolExecutor$Worker.run(ThreadPoolExecutor.java:635)
at java.base/java.lang.Thread.run(Thread.java:840)
... Removed 13 stack frames]]>
    </failure>
  </testcase> <!-- inputDataForRegistration -->
  <testcase classname="com.ust.FreshToHome.tests.AccountLoginTest" name="navigateToOtpLogin" time="0.001">
    <failure type="java.lang.NullPointerException" message="Cannot invoke &amp;quot;com.ust.FreshToHome.pom.AccountLoginPom.otpLogin()&amp;quot; because &amp;quot;com.ust.FreshToHome.tests.AccountLoginTest.ap&amp;quot; is null">
      <![CDATA[java.lang.NullPointerException: Cannot invoke "com.ust.FreshToHome.pom.AccountLoginPom.otpLogin()" because "com.ust.FreshToHome.tests.AccountLoginTest.ap" is null
at com.ust.FreshToHome.tests.AccountLoginTest.navigateToOtpLogin(AccountLoginTest.java:77)
at java.base/java.util.concurrent.Executors$RunnableAdapter.call(Executors.java:539)
at java.base/java.util.concurrent.FutureTask.run(FutureTask.java:264)
at java.base/java.util.concurrent.ThreadPoolExecutor.runWorker(ThreadPoolExecutor.java:1136)
at java.base/java.util.concurrent.ThreadPoolExecutor$Worker.run(ThreadPoolExecutor.java:635)
at java.base/java.lang.Thread.run(Thread.java:840)
... Removed 13 stack frames]]>
    </failure>
  </testcase> <!-- navigateToOtpLogin -->
  <testcase classname="com.ust.FreshToHome.tests.AccountLoginTest" name="enteringWrongtOtp" time="0.0">
    <skipped/>
  </testcase> <!-- enteringWrongtOtp -->
  <testcase classname="com.ust.FreshToHome.tests.AccountLoginTest" name="enteringCorrectOtpTest" time="0.0">
    <skipped/>
  </testcase> <!-- enteringCorrectOtpTest -->
  <testcase classname="com.ust.FreshToHome.tests.PincodeInputTest" name="inputPincodesTest" time="4.194"/>
  <testcase classname="com.ust.FreshToHome.tests.PincodeInputTest" name="inputPincodesTest" time="4.242">
    <failure type="java.lang.Error" message="Unresolved compilation problem: 
	The method log(Status, Media) in the type ExtentTest is not applicable for the arguments (Status, ExtentTest)
">
      <![CDATA[java.lang.Error: Unresolved compilation problem: 
The method log(Status, Media) in the type ExtentTest is not applicable for the arguments (Status, ExtentTest)

at com.ust.FreshToHome.utilities.ExtentReportsListener.onTestSuccess(ExtentReportsListener.java:45)
at java.base/java.util.concurrent.Executors$RunnableAdapter.call(Executors.java:539)
at java.base/java.util.concurrent.FutureTask.run(FutureTask.java:264)
at java.base/java.util.concurrent.ThreadPoolExecutor.runWorker(ThreadPoolExecutor.java:1136)
at java.base/java.util.concurrent.ThreadPoolExecutor$Worker.run(ThreadPoolExecutor.java:635)
at java.base/java.lang.Thread.run(Thread.java:840)
... Removed 10 stack frames]]>
    </failure>
  </testcase> <!-- inputPincodesTest -->
  <testcase classname="com.ust.FreshToHome.base.BaseClass" name="@BeforeTest setUpDriver" time="0.0">
    <ignored/>
  </testcase> <!-- @BeforeTest setUpDriver -->
  <testcase classname="com.ust.FreshToHome.base.BaseClass" name="@BeforeTest setUpDriver" time="0.0">
    <ignored/>
  </testcase> <!-- @BeforeTest setUpDriver -->
  <testcase classname="com.ust.FreshToHome.base.BaseClass" name="@BeforeTest setUpDriver" time="0.0">
    <ignored/>
  </testcase> <!-- @BeforeTest setUpDriver -->
  <testcase classname="com.ust.FreshToHome.base.BaseClass" name="@AfterTest tearDown" time="0.0">
    <ignored/>
  </testcase> <!-- @AfterTest tearDown -->
  <testcase classname="com.ust.FreshToHome.base.BaseClass" name="@BeforeTest setUpDriver" time="0.0">
    <ignored/>
  </testcase> <!-- @BeforeTest setUpDriver -->
  <testcase classname="com.ust.FreshToHome.base.BaseClass" name="@AfterTest tearDown" time="0.0">
    <ignored/>
  </testcase> <!-- @AfterTest tearDown -->
  <testcase classname="com.ust.FreshToHome.base.BaseClass" name="@AfterTest tearDown" time="0.0">
    <ignored/>
  </testcase> <!-- @AfterTest tearDown -->
  <testcase classname="com.ust.FreshToHome.base.BaseClass" name="@AfterTest tearDown" time="0.0">
    <ignored/>
  </testcase> <!-- @AfterTest tearDown -->
</testsuite> <!-- Test -->
