<?xml version="1.0" encoding="UTF-8"?>
<!-- Generated by org.testng.reporters.JUnitXMLReporter -->
<testsuite ignored="0" hostname="K584LTRV" failures="4" tests="4" name="Test2" time="13.774" errors="0" timestamp="2024-05-07T18:18:40 IST">
  <testcase classname="com.ust.FreshToHome.tests.SearchBoxTest" name="inputuserEntryTest" time="0.002">
    <failure type="java.lang.NullPointerException" message="Cannot invoke &amp;quot;com.ust.FreshToHome.pom.PincodeInput.isDropDownDisplayed()&amp;quot; because &amp;quot;com.ust.FreshToHome.tests.SearchBoxTest.input&amp;quot; is null">
      <![CDATA[java.lang.NullPointerException: Cannot invoke "com.ust.FreshToHome.pom.PincodeInput.isDropDownDisplayed()" because "com.ust.FreshToHome.tests.SearchBoxTest.input" is null
at com.ust.FreshToHome.tests.SearchBoxTest.inputuserEntryTest(SearchBoxTest.java:43)
at java.base/java.util.ArrayList.forEach(ArrayList.java:1511)
at java.base/java.util.concurrent.FutureTask.run(FutureTask.java:264)
at java.base/java.util.concurrent.ThreadPoolExecutor.runWorker(ThreadPoolExecutor.java:1136)
at java.base/java.util.concurrent.ThreadPoolExecutor$Worker.run(ThreadPoolExecutor.java:635)
at java.base/java.lang.Thread.run(Thread.java:840)
... Removed 17 stack frames]]>
    </failure>
  </testcase> <!-- inputuserEntryTest -->
  <testcase classname="com.ust.FreshToHome.tests.SearchBoxTest" name="searchWithNullValueTest" time="0.002">
    <failure type="java.lang.NullPointerException" message="Cannot invoke &amp;quot;com.ust.FreshToHome.pom.searchBoxPom.searchWithNullValue()&amp;quot; because &amp;quot;com.ust.FreshToHome.tests.SearchBoxTest.sp&amp;quot; is null">
      <![CDATA[java.lang.NullPointerException: Cannot invoke "com.ust.FreshToHome.pom.searchBoxPom.searchWithNullValue()" because "com.ust.FreshToHome.tests.SearchBoxTest.sp" is null
at com.ust.FreshToHome.tests.SearchBoxTest.searchWithNullValueTest(SearchBoxTest.java:55)
at java.base/java.util.ArrayList.forEach(ArrayList.java:1511)
at java.base/java.util.concurrent.FutureTask.run(FutureTask.java:264)
at java.base/java.util.concurrent.ThreadPoolExecutor.runWorker(ThreadPoolExecutor.java:1136)
at java.base/java.util.concurrent.ThreadPoolExecutor$Worker.run(ThreadPoolExecutor.java:635)
at java.base/java.lang.Thread.run(Thread.java:840)
... Removed 17 stack frames]]>
    </failure>
  </testcase> <!-- searchWithNullValueTest -->
  <testcase classname="com.ust.FreshToHome.tests.SearchBoxTest" name="searchWithWrongValueTest" time="0.001">
    <failure type="java.lang.NullPointerException" message="Cannot invoke &amp;quot;com.ust.FreshToHome.pom.searchBoxPom.searchWithWrongValue()&amp;quot; because &amp;quot;com.ust.FreshToHome.tests.SearchBoxTest.sp&amp;quot; is null">
      <![CDATA[java.lang.NullPointerException: Cannot invoke "com.ust.FreshToHome.pom.searchBoxPom.searchWithWrongValue()" because "com.ust.FreshToHome.tests.SearchBoxTest.sp" is null
at com.ust.FreshToHome.tests.SearchBoxTest.searchWithWrongValueTest(SearchBoxTest.java:64)
at java.base/java.util.ArrayList.forEach(ArrayList.java:1511)
at java.base/java.util.concurrent.FutureTask.run(FutureTask.java:264)
at java.base/java.util.concurrent.ThreadPoolExecutor.runWorker(ThreadPoolExecutor.java:1136)
at java.base/java.util.concurrent.ThreadPoolExecutor$Worker.run(ThreadPoolExecutor.java:635)
at java.base/java.lang.Thread.run(Thread.java:840)
... Removed 17 stack frames]]>
    </failure>
  </testcase> <!-- searchWithWrongValueTest -->
  <testcase classname="com.ust.FreshToHome.tests.SearchBoxTest" name="searchWithValueTest" time="0.001">
    <failure type="java.lang.NullPointerException" message="Cannot invoke &amp;quot;com.ust.FreshToHome.pom.searchBoxPom.searchWithValue()&amp;quot; because &amp;quot;com.ust.FreshToHome.tests.SearchBoxTest.sp&amp;quot; is null">
      <![CDATA[java.lang.NullPointerException: Cannot invoke "com.ust.FreshToHome.pom.searchBoxPom.searchWithValue()" because "com.ust.FreshToHome.tests.SearchBoxTest.sp" is null
at com.ust.FreshToHome.tests.SearchBoxTest.searchWithValueTest(SearchBoxTest.java:72)
at java.base/java.util.ArrayList.forEach(ArrayList.java:1511)
at java.base/java.util.concurrent.FutureTask.run(FutureTask.java:264)
at java.base/java.util.concurrent.ThreadPoolExecutor.runWorker(ThreadPoolExecutor.java:1136)
at java.base/java.util.concurrent.ThreadPoolExecutor$Worker.run(ThreadPoolExecutor.java:635)
at java.base/java.lang.Thread.run(Thread.java:840)
... Removed 17 stack frames]]>
    </failure>
  </testcase> <!-- searchWithValueTest -->
</testsuite> <!-- Test2 -->
